{"at":"2026-04-03T18:45:33.595Z","event":"connect-start","wsEndpoint":"ws://127.0.0.1:9421","targetName":"login-page-invite"}
{"at":"2026-04-03T18:45:33.603Z","event":"connect-ok","wsEndpoint":"ws://127.0.0.1:9421","targetName":"login-page-invite","automatorResolvedFrom":"D:\\XM\\kaipai-team\\tmp\\automator-probe\\node_modules\\miniprogram-automator\\package.json"}
{"at":"2026-04-03T18:45:33.612Z","event":"target-session-cleared","name":"login-page-invite"}
{"at":"2026-04-03T18:45:34.615Z","event":"target-start","name":"login-page-invite","path":"/pages/login/index?inviteCode=SMK100","requireSession":false}
{"at":"2026-04-03T18:45:38.556Z","event":"target-relaunch-ok","name":"login-page-invite"}
{"at":"2026-04-03T18:45:43.565Z","event":"target-wait-ok","name":"login-page-invite"}
{"at":"2026-04-03T18:45:43.571Z","event":"target-page-data-ok","name":"login-page-invite","pageDataPath":"D:\\XM\\kaipai-team\\.sce\\specs\\00-28-architecture-driven-delivery-governance\\execution\\login-auth\\samples\\20260404-024533-continue-login-auth-mini-program-page-evidence-rerun\\captures\\page-data-login-page-invite.json","pageDataKeys":["eO","uR","uRIF","uI","uT","uP","uS","a","b","c","d","e","f","g","h","i"]}
{"at":"2026-04-03T18:45:43.754Z","event":"target-screenshot-automator-ok","name":"login-page-invite","screenshotPath":"D:\\XM\\kaipai-team\\.sce\\specs\\00-28-architecture-driven-delivery-governance\\execution\\login-auth\\samples\\20260404-024533-continue-login-auth-mini-program-page-evidence-rerun\\screenshots\\login-page-invite.png"}
{"at":"2026-04-03T18:45:43.763Z","event":"disconnect","targetName":"login-page-invite"}
{"at":"2026-04-03T18:45:43.764Z","event":"connect-start","wsEndpoint":"ws://127.0.0.1:9421","targetName":"mine-page-actor"}
{"at":"2026-04-03T18:45:43.769Z","event":"connect-ok","wsEndpoint":"ws://127.0.0.1:9421","targetName":"mine-page-actor","automatorResolvedFrom":"D:\\XM\\kaipai-team\\tmp\\automator-probe\\node_modules\\miniprogram-automator\\package.json"}
{"at":"2026-04-03T18:45:43.849Z","event":"target-session-injected","name":"mine-page-actor","userId":10000,"userRole":1}
{"at":"2026-04-03T18:45:44.852Z","event":"target-start","name":"mine-page-actor","path":"/pages/mine/index","requireSession":true}
{"at":"2026-04-03T18:45:48.754Z","event":"target-relaunch-ok","name":"mine-page-actor"}
{"at":"2026-04-03T18:45:54.767Z","event":"target-wait-ok","name":"mine-page-actor"}
{"at":"2026-04-03T18:45:54.770Z","event":"target-page-data-ok","name":"mine-page-actor","pageDataPath":"D:\\XM\\kaipai-team\\.sce\\specs\\00-28-architecture-driven-delivery-governance\\execution\\login-auth\\samples\\20260404-024533-continue-login-auth-mini-program-page-evidence-rerun\\captures\\page-data-mine-page-actor.json","pageDataKeys":["eO","uR","uRIF","uI","uT","uP","uS","a","b","c","d","e","f","g","h","i"]}
{"at":"2026-04-03T18:45:54.847Z","event":"target-screenshot-automator-ok","name":"mine-page-actor","screenshotPath":"D:\\XM\\kaipai-team\\.sce\\specs\\00-28-architecture-driven-delivery-governance\\execution\\login-auth\\samples\\20260404-024533-continue-login-auth-mini-program-page-evidence-rerun\\screenshots\\mine-page-actor.png"}
{"at":"2026-04-03T18:45:54.855Z","event":"disconnect","targetName":"mine-page-actor"}
{"at":"2026-04-03T18:45:54.855Z","event":"connect-start","wsEndpoint":"ws://127.0.0.1:9421","targetName":"membership-page"}
{"at":"2026-04-03T18:45:54.859Z","event":"connect-ok","wsEndpoint":"ws://127.0.0.1:9421","targetName":"membership-page","automatorResolvedFrom":"D:\\XM\\kaipai-team\\tmp\\automator-probe\\node_modules\\miniprogram-automator\\package.json"}
{"at":"2026-04-03T18:45:54.936Z","event":"target-session-injected","name":"membership-page","userId":10000,"userRole":1}
{"at":"2026-04-03T18:45:55.940Z","event":"target-start","name":"membership-page","path":"/pkg-card/membership/index","requireSession":true}
{"at":"2026-04-03T18:45:59.928Z","event":"target-relaunch-ok","name":"membership-page"}
{"at":"2026-04-03T18:46:05.932Z","event":"target-wait-ok","name":"membership-page"}
{"at":"2026-04-03T18:46:05.939Z","event":"target-page-data-ok","name":"membership-page","pageDataPath":"D:\\XM\\kaipai-team\\.sce\\specs\\00-28-architecture-driven-delivery-governance\\execution\\login-auth\\samples\\20260404-024533-continue-login-auth-mini-program-page-evidence-rerun\\captures\\page-data-membership-page.json","pageDataKeys":["eO","uR","uRIF","uI","uT","uP","uS","a","b","c","d","e","f","g","h","i"]}
{"at":"2026-04-03T18:46:06.067Z","event":"target-screenshot-automator-ok","name":"membership-page","screenshotPath":"D:\\XM\\kaipai-team\\.sce\\specs\\00-28-architecture-driven-delivery-governance\\execution\\login-auth\\samples\\20260404-024533-continue-login-auth-mini-program-page-evidence-rerun\\screenshots\\membership-page.png"}
{"at":"2026-04-03T18:46:06.075Z","event":"disconnect","targetName":"membership-page"}
{"at":"2026-04-03T18:46:06.075Z","event":"connect-start","wsEndpoint":"ws://127.0.0.1:9421","targetName":"invite-page"}
{"at":"2026-04-03T18:46:06.079Z","event":"connect-ok","wsEndpoint":"ws://127.0.0.1:9421","targetName":"invite-page","automatorResolvedFrom":"D:\\XM\\kaipai-team\\tmp\\automator-probe\\node_modules\\miniprogram-automator\\package.json"}
{"at":"2026-04-03T18:46:06.153Z","event":"target-session-injected","name":"invite-page","userId":10000,"userRole":1}
{"at":"2026-04-03T18:46:07.164Z","event":"target-start","name":"invite-page","path":"/pkg-card/invite/index","requireSession":true}
{"at":"2026-04-03T18:46:11.021Z","event":"target-relaunch-ok","name":"invite-page"}
{"at":"2026-04-03T18:46:17.029Z","event":"target-wait-ok","name":"invite-page"}
{"at":"2026-04-03T18:46:17.035Z","event":"target-page-data-ok","name":"invite-page","pageDataPath":"D:\\XM\\kaipai-team\\.sce\\specs\\00-28-architecture-driven-delivery-governance\\execution\\login-auth\\samples\\20260404-024533-continue-login-auth-mini-program-page-evidence-rerun\\captures\\page-data-invite-page.json","pageDataKeys":["eO","uR","uRIF","uI","uT","uP","uS","a","b","c","e","$eS","r0","d"]}
{"at":"2026-04-03T18:46:17.128Z","event":"target-screenshot-automator-ok","name":"invite-page","screenshotPath":"D:\\XM\\kaipai-team\\.sce\\specs\\00-28-architecture-driven-delivery-governance\\execution\\login-auth\\samples\\20260404-024533-continue-login-auth-mini-program-page-evidence-rerun\\screenshots\\invite-page.png"}
{"at":"2026-04-03T18:46:17.136Z","event":"disconnect","targetName":"invite-page"}
{"at":"2026-04-03T18:46:17.137Z","event":"manifest-written","manifestPath":"D:\\XM\\kaipai-team\\.sce\\specs\\00-28-architecture-driven-delivery-governance\\execution\\login-auth\\samples\\20260404-024533-continue-login-auth-mini-program-page-evidence-rerun\\captures\\mini-program-screenshot-capture.json","captureCount":4,"fallbackCount":0,"visualDidNotRefresh":false}
{
  "generatedAt": "2026-04-03T18:46:17.137Z",
  "wsEndpoint": "ws://127.0.0.1:9421",
  "baseUrl": "http://101.43.57.62/api",
  "phone": "13800138000",
  "actorUserId": "10000",
  "inviteCode": "SMK100",
  "sourceSampleId": "20260404-023118-dev-continue-phone-session-mainline",
  "captureManifestName": "mini-program-screenshot-capture.json",
  "automatorResolvedFrom": "D:\\XM\\kaipai-team\\tmp\\automator-probe\\node_modules\\miniprogram-automator\\package.json",
  "screenshotStrategy": "automator-first-with-wechatdevtools-window-fallback-per-target-connection",
  "targets": [
    {
      "name": "login-page-invite",
      "requireSession": false,
      "path": "/pages/login/index?inviteCode=SMK100"
    },
    {
      "name": "mine-page-actor",
      "requireSession": true,
      "path": "/pages/mine/index"
    },
    {
      "name": "membership-page",
      "requireSession": true,
      "path": "/pkg-card/membership/index"
    },
    {
      "name": "invite-page",
      "requireSession": true,
      "path": "/pkg-card/invite/index"
    }
  ],
  "visualReview": {
    "uniqueScreenshotHashCount": 4,
    "uniqueActualPathCount": 4,
    "visualDidNotRefresh": false
  },
  "captures": [
    {
      "requireSession": false,
      "name": "login-page-invite",
      "fileName": "login-page-invite.png",
      "path": "/pages/login/index?inviteCode=SMK100",
      "waitForMs": 5000,
      "actualPath": "pages/login/index",
      "actualQuery": {
        "inviteCode": "SMK100"
      },
      "pageDataPath": "D:\\XM\\kaipai-team\\.sce\\specs\\00-28-architecture-driven-delivery-governance\\execution\\login-auth\\samples\\20260404-024533-continue-login-auth-mini-program-page-evidence-rerun\\captures\\page-data-login-page-invite.json",
      "pageDataKeyCount": 47,
      "pageDataKeysSample": [
        "eO",
        "uR",
        "uRIF",
        "uI",
        "uT",
        "uP",
        "uS",
        "a",
        "b",
        "c",
        "d",
        "e",
        "f",
        "g",
        "h",
        "i",
        "j",
        "k",
        "l",
        "m"
      ],
      "screenshotPath": "D:\\XM\\kaipai-team\\.sce\\specs\\00-28-architecture-driven-delivery-governance\\execution\\login-auth\\samples\\20260404-024533-continue-login-auth-mini-program-page-evidence-rerun\\screenshots\\login-page-invite.png",
      "screenshotSha256": "184b4850b465d925331d31e9311c8f840c9f851cba36c502f862c277eb993ab5",
      "screenshotMethod": "automator",
      "screenshotDiagnostic": null
    },
    {
      "requireSession": true,
      "name": "mine-page-actor",
      "fileName": "mine-page-actor.png",
      "path": "/pages/mine/index",
      "waitForMs": 6000,
      "actualPath": "pages/mine/index",
      "actualQuery": {},
      "pageDataPath": "D:\\XM\\kaipai-team\\.sce\\specs\\00-28-architecture-driven-delivery-governance\\execution\\login-auth\\samples\\20260404-024533-continue-login-auth-mini-program-page-evidence-rerun\\captures\\page-data-mine-page-actor.json",
      "pageDataKeyCount": 24,
      "pageDataKeysSample": [
        "eO",
        "uR",
        "uRIF",
        "uI",
        "uT",
        "uP",
        "uS",
        "a",
        "b",
        "c",
        "d",
        "e",
        "f",
        "g",
        "h",
        "i",
        "j",
        "k",
        "l",
        "m"
      ],
      "screenshotPath": "D:\\XM\\kaipai-team\\.sce\\specs\\00-28-architecture-driven-delivery-governance\\execution\\login-auth\\samples\\20260404-024533-continue-login-auth-mini-program-page-evidence-rerun\\screenshots\\mine-page-actor.png",
      "screenshotSha256": "5198015435938e11ea6ff9fa6abadba1b9291553bfabcf2d40d47813e53c4164",
      "screenshotMethod": "automator",
      "screenshotDiagnostic": null
    },
    {
      "requireSession": true,
      "name": "membership-page",
      "fileName": "membership-page.png",
      "path": "/pkg-card/membership/index",
      "waitForMs": 6000,
      "actualPath": "pkg-card/membership/index",
      "actualQuery": {},
      "pageDataPath": "D:\\XM\\kaipai-team\\.sce\\specs\\00-28-architecture-driven-delivery-governance\\execution\\login-auth\\samples\\20260404-024533-continue-login-auth-mini-program-page-evidence-rerun\\captures\\page-data-membership-page.json",
      "pageDataKeyCount": 36,
      "pageDataKeysSample": [
        "eO",
        "uR",
        "uRIF",
        "uI",
        "uT",
        "uP",
        "uS",
        "a",
        "b",
        "c",
        "d",
        "e",
        "f",
        "g",
        "h",
        "i",
        "j",
        "k",
        "l",
        "o"
      ],
      "screenshotPath": "D:\\XM\\kaipai-team\\.sce\\specs\\00-28-architecture-driven-delivery-governance\\execution\\login-auth\\samples\\20260404-024533-continue-login-auth-mini-program-page-evidence-rerun\\screenshots\\membership-page.png",
      "screenshotSha256": "7cd46ba938afe3400cbc8bc88ca2d6c91d26d3fb7120eed6f0cd164c041d5d99",
      "screenshotMethod": "automator",
      "screenshotDiagnostic": null
    },
    {
      "requireSession": true,
      "name": "invite-page",
      "fileName": "invite-page.png",
      "path": "/pkg-card/invite/index",
      "waitForMs": 6000,
      "actualPath": "pkg-card/invite/index",
      "actualQuery": {},
      "pageDataPath": "D:\\XM\\kaipai-team\\.sce\\specs\\00-28-architecture-driven-delivery-governance\\execution\\login-auth\\samples\\20260404-024533-continue-login-auth-mini-program-page-evidence-rerun\\captures\\page-data-invite-page.json",
      "pageDataKeyCount": 14,
      "pageDataKeysSample": [
        "eO",
        "uR",
        "uRIF",
        "uI",
        "uT",
        "uP",
        "uS",
        "a",
        "b",
        "c",
        "e",
        "$eS",
        "r0",
        "d"
      ],
      "screenshotPath": "D:\\XM\\kaipai-team\\.sce\\specs\\00-28-architecture-driven-delivery-governance\\execution\\login-auth\\samples\\20260404-024533-continue-login-auth-mini-program-page-evidence-rerun\\screenshots\\invite-page.png",
      "screenshotSha256": "febe9f6f585a3454a487dc0f0aa66d1c81655e0e77074f52ed292dbb7db4095b",
      "screenshotMethod": "automator",
      "screenshotDiagnostic": null
    }
  ]
}
