{"at":"2026-04-03T18:15:12.415Z","event":"connect-start","wsEndpoint":"ws://127.0.0.1:9421","targetName":"bootstrap"}
{"at":"2026-04-03T18:15:12.425Z","event":"connect-ok","wsEndpoint":"ws://127.0.0.1:9421","targetName":"bootstrap","automatorResolvedFrom":"D:\\XM\\kaipai-team\\tmp\\automator-probe\\node_modules\\miniprogram-automator\\package.json"}
{"at":"2026-04-03T18:15:12.429Z","event":"before-login-page","path":"pkg-card/fortune/index","query":{"scene":"general"}}
{"at":"2026-04-03T18:15:12.552Z","event":"session-created","userRole":1,"userId":10021}
{"at":"2026-04-03T18:15:13.675Z","event":"actor-session-ok","path":"pkg-card/fortune/index","query":{"scene":"general"}}
{"at":"2026-04-03T18:15:13.744Z","event":"target-start","name":"verify-page","path":"/pkg-card/verify/index"}
{"at":"2026-04-03T18:15:19.446Z","event":"target-relaunch-ok","name":"verify-page"}
{"at":"2026-04-03T18:15:25.452Z","event":"target-wait-ok","name":"verify-page"}
{"at":"2026-04-03T18:15:25.457Z","event":"target-page-data-ok","name":"verify-page","pageDataPath":"D:\\XM\\kaipai-team\\.sce\\specs\\00-28-architecture-driven-delivery-governance\\execution\\verify\\samples\\20260404-021512-continue-verify-mini-page-evidence\\captures\\page-data-verify-page.json","pageDataKeys":["eO","uR","uRIF","uI","uT","uP","uS","a","b","e","h","i"]}
{"at":"2026-04-03T18:15:25.533Z","event":"target-screenshot-automator-ok","name":"verify-page","screenshotPath":"D:\\XM\\kaipai-team\\.sce\\specs\\00-28-architecture-driven-delivery-governance\\execution\\verify\\samples\\20260404-021512-continue-verify-mini-page-evidence\\screenshots\\verify-page.png"}
{"at":"2026-04-03T18:15:25.542Z","event":"manifest-written","manifestPath":"D:\\XM\\kaipai-team\\.sce\\specs\\00-28-architecture-driven-delivery-governance\\execution\\verify\\samples\\20260404-021512-continue-verify-mini-page-evidence\\captures\\mini-program-screenshot-capture.json","captureCount":1,"fallbackCount":0,"visualDidNotRefresh":false}
{
  "generatedAt": "2026-04-03T18:15:25.541Z",
  "wsEndpoint": "ws://127.0.0.1:9421",
  "baseUrl": "http://101.43.57.62/api",
  "phone": "13903054934",
  "expectedUserId": "10021",
  "sourceSampleId": "20260403-054934-dev-remote-verify-after-schema-gated-release",
  "captureManifestName": "mini-program-screenshot-capture.json",
  "automatorResolvedFrom": "D:\\XM\\kaipai-team\\tmp\\automator-probe\\node_modules\\miniprogram-automator\\package.json",
  "screenshotStrategy": "automator-first-with-wechatdevtools-window-fallback",
  "beforeLoginPage": {
    "path": "pkg-card/fortune/index",
    "query": {
      "scene": "general"
    }
  },
  "actorSessionPage": {
    "path": "pkg-card/fortune/index",
    "query": {
      "scene": "general"
    }
  },
  "visualReview": {
    "uniqueScreenshotHashCount": 1,
    "uniqueActualPathCount": 1,
    "visualDidNotRefresh": false
  },
  "captures": [
    {
      "name": "verify-page",
      "fileName": "verify-page.png",
      "path": "/pkg-card/verify/index",
      "waitForMs": 6000,
      "expectedUserId": "10021",
      "actualPath": "pkg-card/verify/index",
      "actualQuery": {},
      "pageDataPath": "D:\\XM\\kaipai-team\\.sce\\specs\\00-28-architecture-driven-delivery-governance\\execution\\verify\\samples\\20260404-021512-continue-verify-mini-page-evidence\\captures\\page-data-verify-page.json",
      "pageDataKeyCount": 31,
      "pageDataKeysSample": [
        "eO",
        "uR",
        "uRIF",
        "uI",
        "uT",
        "uP",
        "uS",
        "a",
        "b",
        "e",
        "h",
        "i",
        "j",
        "k",
        "l",
        "m",
        "n",
        "o",
        "p",
        "q"
      ],
      "screenshotPath": "D:\\XM\\kaipai-team\\.sce\\specs\\00-28-architecture-driven-delivery-governance\\execution\\verify\\samples\\20260404-021512-continue-verify-mini-page-evidence\\screenshots\\verify-page.png",
      "screenshotSha256": "d979e1d77d0825dabcbe2b884bb2056dcfa7f8057efce1e4df19523c8d42def6",
      "screenshotMethod": "automator",
      "screenshotDiagnostic": null
    }
  ]
}
{"at":"2026-04-03T18:15:25.542Z","event":"disconnect","targetName":"bootstrap"}
